0 info it worked if it ends with ok
1 verbose cli [ '/usr/local/Cellar/node/8.9.1/bin/node',
1 verbose cli   '/usr/local/bin/npm',
1 verbose cli   'run',
1 verbose cli   'dev' ]
2 info using npm@3.10.10
3 info using node@v8.9.1
4 verbose run-script [ 'predev', 'dev', 'postdev' ]
5 info lifecycle browser-tests@0.2.0~predev: browser-tests@0.2.0
6 silly lifecycle browser-tests@0.2.0~predev: no script for predev, continuing
7 info lifecycle browser-tests@0.2.0~dev: browser-tests@0.2.0
8 verbose lifecycle browser-tests@0.2.0~dev: unsafe-perm in lifecycle true
9 verbose lifecycle browser-tests@0.2.0~dev: PATH: /Users/anguscroll/.config/yarn/global/node_modules/npm/bin/node-gyp-bin:/Users/anguscroll/g-repos/browser-tests/node_modules/.bin:/usr/local/Cellar/node/8.9.1/bin:/Users/anguscroll/.rbenv/shims:/usr/local/sbin:/usr/local/bin:/usr/local/sbin:/usr/local/bin:/Users/anguscroll/.rbenv/shims:/usr/local/sbin:/usr/local/bin:/usr/local/sbin:/usr/local/bin:/Users/anguscroll/.rbenv/shims:/usr/local/sbin:/usr/local/bin:/usr/local/sbin:/usr/local/bin:/Users/anguscroll/.rbenv/shims:/usr/local/sbin:/usr/local/bin:/usr/local/sbin:/usr/local/bin:/Users/anguscroll/.rbenv/shims:/Users/anguscroll/bin:/usr/local/bin:/usr/bin:/bin:/usr/sbin:/sbin:/usr/local/munki:/opt/X11/bin:found ussh cert valid for 19h59m35s/bin:/Users/anguscroll/bin:/Users/anguscroll/bin:/Users/anguscroll/bin:/Users/anguscroll/bin:/Users/anguscroll/bin:/Users/anguscroll/bin:/Users/anguscroll/bin:/Users/anguscroll/bin
10 verbose lifecycle browser-tests@0.2.0~dev: CWD: /Users/anguscroll/g-repos/browser-tests
11 silly lifecycle browser-tests@0.2.0~dev: Args: [ '-c', 'fusion dev' ]
12 silly lifecycle browser-tests@0.2.0~dev: Returned: code: 1  signal: null
13 info lifecycle browser-tests@0.2.0~dev: Failed to exec dev script
14 verbose stack Error: browser-tests@0.2.0 dev: `fusion dev`
14 verbose stack Exit status 1
14 verbose stack     at EventEmitter.<anonymous> (/Users/anguscroll/.config/yarn/global/node_modules/npm/lib/utils/lifecycle.js:255:16)
14 verbose stack     at emitTwo (events.js:126:13)
14 verbose stack     at EventEmitter.emit (events.js:214:7)
14 verbose stack     at ChildProcess.<anonymous> (/Users/anguscroll/.config/yarn/global/node_modules/npm/lib/utils/spawn.js:40:14)
14 verbose stack     at emitTwo (events.js:126:13)
14 verbose stack     at ChildProcess.emit (events.js:214:7)
14 verbose stack     at maybeClose (internal/child_process.js:925:16)
14 verbose stack     at Process.ChildProcess._handle.onexit (internal/child_process.js:209:5)
15 verbose pkgid browser-tests@0.2.0
16 verbose cwd /Users/anguscroll/g-repos/browser-tests
17 error Darwin 17.4.0
18 error argv "/usr/local/Cellar/node/8.9.1/bin/node" "/usr/local/bin/npm" "run" "dev"
19 error node v8.9.1
20 error npm  v3.10.10
21 error code ELIFECYCLE
22 error browser-tests@0.2.0 dev: `fusion dev`
22 error Exit status 1
23 error Failed at the browser-tests@0.2.0 dev script 'fusion dev'.
23 error Make sure you have the latest version of node.js and npm installed.
23 error If you do, this is most likely a problem with the browser-tests package,
23 error not with npm itself.
23 error Tell the author that this fails on your system:
23 error     fusion dev
23 error You can get information on how to open an issue for this project with:
23 error     npm bugs browser-tests
23 error Or if that isn't available, you can get their info via:
23 error     npm owner ls browser-tests
23 error There is likely additional logging output above.
24 verbose exit [ 1, true ]
